2023-04-25 02:02:16,765 INFO com.employee.EmployeeManagementSystemApplication [restartedMain] Starting EmployeeManagementSystemApplication using Java 17.0.5 on DESKTOP-B6AVPBA with PID 8584 (C:\Users\Adminstrator\Desktop\Capstone_Project\EmployeeManagementSystem\bin\main started by Adminstrator in C:\Users\Adminstrator\Desktop\Capstone_Project\EmployeeManagementSystem)
2023-04-25 02:02:16,774 INFO com.employee.EmployeeManagementSystemApplication [restartedMain] No active profile set, falling back to 1 default profile: "default"
2023-04-25 02:02:16,885 INFO org.springframework.boot.devtools.env.DevToolsPropertyDefaultsPostProcessor [restartedMain] Devtools property defaults active! Set 'spring.devtools.add-properties' to 'false' to disable
2023-04-25 02:02:16,886 INFO org.springframework.boot.devtools.env.DevToolsPropertyDefaultsPostProcessor [restartedMain] For additional web related logging consider setting the 'logging.level.web' property to 'DEBUG'
2023-04-25 02:02:18,406 INFO org.springframework.data.repository.config.RepositoryConfigurationDelegate [restartedMain] Bootstrapping Spring Data JPA repositories in DEFAULT mode.
2023-04-25 02:02:18,737 INFO org.springframework.data.repository.config.RepositoryConfigurationDelegate [restartedMain] Finished Spring Data repository scanning in 308 ms. Found 1 JPA repository interfaces.
2023-04-25 02:02:19,898 INFO org.springframework.boot.web.embedded.tomcat.TomcatWebServer [restartedMain] Tomcat initialized with port(s): 8787 (https)
2023-04-25 02:02:19,919 INFO org.apache.catalina.core.StandardService [restartedMain] Starting service [Tomcat]
2023-04-25 02:02:19,920 INFO org.apache.catalina.core.StandardEngine [restartedMain] Starting Servlet engine: [Apache Tomcat/9.0.74]
2023-04-25 02:02:20,072 INFO org.apache.catalina.core.ContainerBase.[Tomcat].[localhost].[/] [restartedMain] Initializing Spring embedded WebApplicationContext
2023-04-25 02:02:20,074 INFO org.springframework.boot.web.servlet.context.ServletWebServerApplicationContext [restartedMain] Root WebApplicationContext: initialization completed in 3186 ms
2023-04-25 02:02:20,326 INFO org.hibernate.jpa.internal.util.LogHelper [restartedMain] HHH000204: Processing PersistenceUnitInfo [name: default]
2023-04-25 02:02:20,450 INFO org.hibernate.Version [restartedMain] HHH000412: Hibernate ORM core version 5.6.15.Final
2023-04-25 02:02:20,808 INFO org.hibernate.annotations.common.Version [restartedMain] HCANN000001: Hibernate Commons Annotations {5.1.2.Final}
2023-04-25 02:02:21,030 INFO com.zaxxer.hikari.HikariDataSource [restartedMain] HikariPool-1 - Starting...
2023-04-25 02:02:22,052 INFO com.zaxxer.hikari.HikariDataSource [restartedMain] HikariPool-1 - Start completed.
2023-04-25 02:02:22,130 INFO org.hibernate.dialect.Dialect [restartedMain] HHH000400: Using dialect: org.hibernate.dialect.MySQL8Dialect
2023-04-25 02:02:23,712 INFO org.hibernate.engine.transaction.jta.platform.internal.JtaPlatformInitiator [restartedMain] HHH000490: Using JtaPlatform implementation: [org.hibernate.engine.transaction.jta.platform.internal.NoJtaPlatform]
2023-04-25 02:02:23,730 INFO org.springframework.orm.jpa.LocalContainerEntityManagerFactoryBean [restartedMain] Initialized JPA EntityManagerFactory for persistence unit 'default'
2023-04-25 02:02:24,332 WARN org.springframework.boot.autoconfigure.orm.jpa.JpaBaseConfiguration$JpaWebConfiguration [restartedMain] spring.jpa.open-in-view is enabled by default. Therefore, database queries may be performed during view rendering. Explicitly configure spring.jpa.open-in-view to disable this warning
2023-04-25 02:02:24,916 INFO org.springframework.boot.devtools.autoconfigure.OptionalLiveReloadServer [restartedMain] LiveReload server is running on port 35729
2023-04-25 02:02:25,404 INFO org.apache.tomcat.util.net.NioEndpoint.certificate [restartedMain] Connector [https-jsse-nio-8787], TLS virtual host [_default_], certificate type [UNDEFINED] configured from [file:/C:/Users/Adminstrator/Desktop/Capstone_Project/EmployeeManagementSystem/bin/main/keystore.p12] using alias [spring-https] and with trust store [null]
2023-04-25 02:02:25,444 INFO org.springframework.boot.web.embedded.tomcat.TomcatWebServer [restartedMain] Tomcat started on port(s): 8787 (https) with context path ''
2023-04-25 02:02:25,461 INFO com.employee.EmployeeManagementSystemApplication [restartedMain] Started EmployeeManagementSystemApplication in 9.423 seconds (JVM running for 11.66)
